2021-04-21 14:50:12,734 INFO o.s.b.StartupInfoLogger [main] Started PatientControllerTest in 1.41 seconds (JVM running for 2.484)
2021-04-21 14:50:12,913 INFO c.m.p.c.PatientController [main] Enter addPatient in patient microservice
2021-04-21 14:50:12,915 DEBUG c.m.p.c.PatientController [main] Patient added: status 200
2021-04-21 14:50:13,001 INFO c.m.p.c.PatientController [main] Entering updatePatient for patient id 134
2021-04-21 14:50:13,002 DEBUG c.m.p.c.PatientController [main] Patient updated: status 200
2021-04-21 14:50:13,008 INFO c.m.p.c.PatientController [main] Enter addPatient in patient microservice
2021-04-21 14:50:13,009 DEBUG c.m.p.c.PatientController [main] Patient not added: status 409
2021-04-21 14:50:13,014 DEBUG c.m.p.c.PatientController [main] Return Patients List
2021-04-21 14:50:13,038 INFO c.m.p.c.PatientController [main] Entering updatePatient for patient id 134
2021-04-21 14:50:13,039 DEBUG c.m.p.c.PatientController [main] Patient not updated: status 409
2021-04-21 14:50:13,045 INFO c.m.p.c.PatientController [main] Entering updatePatient for patient id 134
2021-04-21 14:50:13,045 DEBUG c.m.p.c.PatientController [main] Patient updated: status 200
2021-04-21 14:50:13,055 DEBUG c.m.p.c.PatientController [main] Patient found for testFamily testGiven returning patient
2021-04-21 14:50:13,067 DEBUG c.m.p.c.PatientController [main] No patient found for testFamily testGiven
2021-04-21 14:50:13,072 INFO c.m.p.c.PatientController [main] Enter addPatient in patient microservice
2021-04-21 14:50:13,072 DEBUG c.m.p.c.PatientController [main] Patient added: status 200
2021-04-21 14:50:13,120 ERROR c.m.p.e.ExceptionHandling [main] ERROR: org.springframework.web.bind.MissingServletRequestParameterException: Required String parameter 'family' is not present ExceptionResponse{timestamp=Wed Apr 21 14:50:13 CEST 2021, status=400, error=''family' parameter is missing', path='/patient/add'}
2021-04-21 14:50:13,130 ERROR c.m.p.e.ExceptionHandling [main] ERROR: org.springframework.web.bind.MissingServletRequestParameterException: Required String parameter 'familyName' is not present ExceptionResponse{timestamp=Wed Apr 21 14:50:13 CEST 2021, status=400, error=''familyName' parameter is missing', path='/patient'}
2021-04-21 14:50:13,137 INFO c.m.p.c.PatientController [main] Enter addPatient in patient microservice
2021-04-21 14:50:13,137 DEBUG c.m.p.c.PatientController [main] Patient added: status 200
2021-04-21 14:50:13,144 ERROR c.m.p.e.ExceptionHandling [main] ERROR: javax.validation.ConstraintViolationException: addPatient.address: address must be between 2 and 255 characters long ExceptionResponse{timestamp=Wed Apr 21 14:50:13 CEST 2021, status=400, error='address must be between 2 and 255 characters long', path='/patient/add'}
2021-04-21 14:50:13,151 ERROR c.m.p.e.ExceptionHandling [main] ERROR: javax.validation.ConstraintViolationException: getPatientByFamilyAndGivenName.familyName: familyName must be between 2 and 255 characters long ExceptionResponse{timestamp=Wed Apr 21 14:50:13 CEST 2021, status=400, error='familyName must be between 2 and 255 characters long', path='/patient'}
2021-04-21 14:50:13,157 INFO c.m.p.c.PatientController [main] Enter addPatient in patient microservice
2021-04-21 14:50:13,158 DEBUG c.m.p.c.PatientController [main] Patient added: status 200
2021-04-21 14:50:13,163 INFO c.m.p.c.PatientController [main] Entering updatePatient for patient id 134
2021-04-21 14:50:13,164 DEBUG c.m.p.c.PatientController [main] Patient updated: status 200
2021-04-21 14:50:13,253 DEBUG c.m.p.s.PatientServiceImpl [main] Entering findPatientByFamilyNameAndGivenName :testFamily testGiven
2021-04-21 14:50:13,262 DEBUG c.m.p.s.PatientServiceImpl [main] Entering existsPatient for id: null
2021-04-21 14:50:13,263 DEBUG c.m.p.s.PatientServiceImpl [main] Entering findPatientByFamilyNameAndGivenName :testFamily testGiven
2021-04-21 14:50:13,266 DEBUG c.m.p.s.PatientServiceImpl [main] Entering addPatient
2021-04-21 14:50:13,273 DEBUG c.m.p.s.PatientServiceImpl [main] Entering existsPatientByFamilyAndGivenAndDob :testFamily testGiven 1982-04-14
2021-04-21 14:50:13,273 DEBUG c.m.p.s.PatientServiceImpl [main] patient saved, returning true.
2021-04-21 14:50:13,277 DEBUG c.m.p.s.PatientServiceImpl [main] Entering updatePatient
2021-04-21 14:50:13,277 DEBUG c.m.p.s.PatientServiceImpl [main] Entering existsPatient for id: null
2021-04-21 14:50:13,277 DEBUG c.m.p.s.PatientServiceImpl [main] patient dont exist. Returning false
2021-04-21 14:50:13,280 DEBUG c.m.p.s.PatientServiceImpl [main] Entering existsPatientByFamilyAndGivenAndDob :testFamily testGiven 1982-04-14
2021-04-21 14:50:13,282 DEBUG c.m.p.s.PatientServiceImpl [main] Entering existsPatient for id: null
2021-04-21 14:50:13,283 DEBUG c.m.p.s.PatientServiceImpl [main] Entering addPatient
2021-04-21 14:50:13,283 DEBUG c.m.p.s.PatientServiceImpl [main] Entering existsPatientByFamilyAndGivenAndDob :testFamily testGiven 1982-04-14
2021-04-21 14:50:13,284 DEBUG c.m.p.s.PatientServiceImpl [main] patient already exist. Returning false
2021-04-21 14:50:13,285 DEBUG c.m.p.s.PatientServiceImpl [main] Entering existsPatientByFamilyAndGivenAndDob :testFamily testGiven 1982-04-14
2021-04-21 14:50:13,287 DEBUG c.m.p.s.PatientServiceImpl [main] Entering updatePatient
2021-04-21 14:50:13,287 DEBUG c.m.p.s.PatientServiceImpl [main] Entering existsPatient for id: null
2021-04-21 14:50:13,287 DEBUG c.m.p.s.PatientServiceImpl [main] patient updated, returning true.
